2025-09-10 21:24:22 - INFO: Processing: profiles/index.md
2025-09-10 21:24:22 - Frontmatter validation passed for: profiles/index.md
2025-09-10 21:24:22 - Backed up: profiles/index.md -> /Users/mj/code/evil1.org/backups/html_extraction_20250910_212422/original_files/profiles/index.md
2025-09-10 21:24:22 - Created sample file: /Users/mj/code/evil1.org/backups/html_extraction_20250910_212422/samples/index_sample.html
2025-09-10 21:24:22 - SUCCESS: Extracted HTML content from profiles/index.md
2025-09-10 21:24:22 - Processed: profiles/index.md
2025-09-10 21:24:22 - Validation passed for: profiles/index.md
2025-09-10 21:24:22 - SUCCESS: Successfully processed: profiles/index.md
2025-09-10 21:24:22 - INFO: Processing: company/index.md
2025-09-10 21:24:22 - Frontmatter validation passed for: company/index.md
2025-09-10 21:24:22 - Backed up: company/index.md -> /Users/mj/code/evil1.org/backups/html_extraction_20250910_212422/original_files/company/index.md
2025-09-10 21:24:22 - Created sample file: /Users/mj/code/evil1.org/backups/html_extraction_20250910_212422/samples/index_sample.html
2025-09-10 21:24:22 - SUCCESS: Extracted HTML content from company/index.md
2025-09-10 21:24:22 - Processed: company/index.md
2025-09-10 21:24:22 - Validation passed for: company/index.md
2025-09-10 21:24:22 - SUCCESS: Successfully processed: company/index.md
2025-09-10 21:24:22 - INFO: Processing: news/index.md
2025-09-10 21:24:22 - Frontmatter validation passed for: news/index.md
2025-09-10 21:24:22 - Backed up: news/index.md -> /Users/mj/code/evil1.org/backups/html_extraction_20250910_212422/original_files/news/index.md
2025-09-10 21:24:22 - Created sample file: /Users/mj/code/evil1.org/backups/html_extraction_20250910_212422/samples/index_sample.html
2025-09-10 21:24:22 - SUCCESS: Extracted HTML content from news/index.md
2025-09-10 21:24:22 - Processed: news/index.md
2025-09-10 21:24:22 - Validation passed for: news/index.md
2025-09-10 21:24:22 - SUCCESS: Successfully processed: news/index.md
2025-09-10 21:24:22 - SUCCESS: Extraction report generated: /Users/mj/code/evil1.org/backups/html_extraction_20250910_212422/extraction_report.md
2025-09-10 21:24:22 - INFO: Testing Jekyll build...
2025-09-10 21:24:25 - SUCCESS: Jekyll build successful
2025-09-10 21:24:25 - Jekyll build: SUCCESS
2025-09-10 21:24:25 - SUCCESS: All files processed successfully!
2025-09-10 21:24:25 - INFO: Processed: 3 files
2025-09-10 21:24:25 - INFO: Backup location: /Users/mj/code/evil1.org/backups/html_extraction_20250910_212422
2025-09-10 21:24:25 - INFO: Log file: /Users/mj/code/evil1.org/backups/html_extraction_20250910_212422/extraction.log
2025-09-10 21:24:25 - INFO: Report: /Users/mj/code/evil1.org/backups/html_extraction_20250910_212422/extraction_report.md
