2025-09-19 09:13:45 [INFO] DRY RUN MODE - Testing build and connection without uploading
2025-09-19 09:13:45 [INFO] Checking SSH connection to s3.mydevil.net...
2025-09-19 09:13:46 [ERROR] SSH connection failed. Please check your SSH key or credentials.
2025-09-19 09:13:46 [INFO] Make sure you have SSH access to evil1@s3.mydevil.net
2025-09-19 09:13:46 [INFO] You may need to run: ssh-copy-id evil1@s3.mydevil.net
2025-09-19 09:15:44 [INFO] Checking SSH connection to s3.mydevil.net...
2025-09-19 09:15:45 [SUCCESS] SSH connection established
2025-09-19 09:15:45 [INFO] Building Jekyll site...
2025-09-19 09:15:46 [SUCCESS] Site built successfully
2025-09-19 09:15:46 [INFO] Starting deployment via rsync over SSH...
2025-09-19 09:15:46 [INFO] Deploying      636 files (     175 directories,  32M)...
2025-09-19 09:15:46 [INFO] Creating backup on remote server...
2025-09-19 09:15:46 [WARNING] Could not create backup on remote server (continuing anyway)
2025-09-19 09:15:46 [INFO] Uploading files to evil1@s3.mydevil.net:~/domains/evil1.org/public_html
2025-09-19 09:15:54 [ERROR] File upload failed
2025-09-19 09:15:54 [ERROR] Deployment failed. Would you like to rollback? (y/N)
2025-09-19 09:30:23 [INFO] Checking SSH connection to s3.mydevil.net...
2025-09-19 09:30:23 [SUCCESS] SSH connection established
2025-09-19 09:30:23 [INFO] Building Jekyll site...
2025-09-19 09:30:24 [SUCCESS] Site built successfully
2025-09-19 09:30:24 [INFO] Starting deployment via rsync over SSH...
2025-09-19 09:30:24 [INFO] Deploying      161 files (     115 directories,  19M)...
2025-09-19 09:30:24 [INFO] Creating backup on remote server...
2025-09-19 09:30:25 [WARNING] Could not create backup on remote server (continuing anyway)
2025-09-19 09:30:25 [INFO] Uploading files to evil1@s3.mydevil.net:~/domains/evil1.org/public_html
2025-09-19 09:30:27 [ERROR] File upload failed
2025-09-19 09:30:27 [ERROR] Deployment failed. Would you like to rollback? (y/N)
2025-09-19 09:39:46 [INFO] Checking SSH connection to s3.mydevil.net...
2025-09-19 09:39:47 [SUCCESS] SSH connection established
2025-09-19 09:39:47 [INFO] Building Jekyll site...
2025-09-19 09:39:48 [SUCCESS] Site built successfully
2025-09-19 09:39:48 [INFO] Starting deployment via rsync over SSH...
2025-09-19 09:39:48 [INFO] Deploying      161 files (     115 directories,  19M)...
2025-09-19 09:39:48 [INFO] Creating backup on remote server...
2025-09-19 09:39:48 [WARNING] Could not create backup on remote server (continuing anyway)
2025-09-19 09:39:48 [INFO] Uploading files to evil1@s3.mydevil.net:~/domains/evil1.org/public_html
2025-09-19 09:39:53 [ERROR] File upload failed
2025-09-19 09:39:53 [ERROR] Deployment failed. Would you like to rollback? (y/N)
2025-09-19 11:19:01 [INFO] Checking SSH connection to s3.mydevil.net...
2025-09-19 11:19:01 [SUCCESS] SSH connection established
2025-09-19 11:19:01 [INFO] Building Jekyll site...
2025-09-19 11:19:02 [SUCCESS] Site built successfully
2025-09-19 11:19:02 [INFO] Starting deployment via rsync over SSH...
2025-09-19 11:19:02 [INFO] Deploying      161 files (     115 directories,  19M)...
2025-09-19 11:19:02 [INFO] Creating backup on remote server...
2025-09-19 11:19:03 [WARNING] Could not create backup on remote server (continuing anyway)
2025-09-19 11:19:03 [INFO] Uploading files to evil1@s3.mydevil.net:~/domains/evil1.org/public_html
2025-09-19 11:19:04 [ERROR] File upload failed
2025-09-19 11:19:04 [ERROR] Deployment failed. Would you like to rollback? (y/N)
2025-09-19 11:21:23 [INFO] DRY RUN MODE - Testing build and connection without uploading
2025-09-19 11:21:23 [INFO] Checking SSH connection to s3.mydevil.net...
2025-09-19 11:21:23 [SUCCESS] SSH connection established
2025-09-19 11:21:23 [INFO] Building Jekyll site...
2025-09-19 11:21:24 [SUCCESS] Site built successfully
2025-09-19 11:21:24 [SUCCESS] Dry run completed successfully
2025-09-19 11:21:35 [INFO] Checking SSH connection to s3.mydevil.net...
2025-09-19 11:21:36 [SUCCESS] SSH connection established
2025-09-19 11:21:36 [INFO] Building Jekyll site...
2025-09-19 11:21:36 [SUCCESS] Site built successfully
2025-09-19 11:21:36 [INFO] Starting deployment via rsync over SSH...
2025-09-19 11:21:37 [INFO] Deploying      161 files (     115 directories,  19M)...
2025-09-19 11:21:37 [INFO] Creating backup on remote server...
2025-09-19 11:21:37 [WARNING] Could not create backup on remote server (continuing anyway)
2025-09-19 11:21:37 [INFO] Uploading files to evil1@s3.mydevil.net:~/domains/evil1.org/public_html
2025-09-19 11:21:37 [INFO] Executing: rsync -avz --delete --exclude=.git --exclude=.DS_Store --exclude=*.log --exclude=*.tmp --exclude=*.bak --exclude=*.swp --exclude=*.swo --exclude=*.orig --exclude=*.rej --exclude=*~ --exclude=.sass-cache --exclude=.jekyll-cache --exclude=.obsidian --exclude=.vscode --exclude=.github --exclude=Gemfile.lock --exclude=.bundle --exclude=vendor --exclude=node_modules --exclude=_docs --exclude=_dont touch --exclude=_experiments --exclude=_to_review --exclude=archives --exclude=configs --exclude=logs --exclude=v2 -e 'ssh -o ConnectTimeout=30 -o ServerAliveInterval=60 -o StrictHostKeyChecking=no' "_site/" "evil1@s3.mydevil.net:~/domains/evil1.org/public_html/"
2025-09-19 11:21:38 [ERROR] File upload failed
2025-09-19 11:21:38 [ERROR] Rsync exit code: 0
2025-09-19 11:21:38 [ERROR] Deployment failed during file upload.
2025-09-19 11:21:38 [ERROR] Deployment failed. Would you like to rollback? (y/N)
2025-09-19 11:21:45 [WARNING] Starting rollback procedure...
2025-09-19 11:21:46 [ERROR] No backup found for rollback
2025-09-19 11:24:28 [INFO] Checking SSH connection to s3.mydevil.net...
2025-09-19 11:24:28 [SUCCESS] SSH connection established
2025-09-19 11:24:28 [INFO] Building Jekyll site...
2025-09-19 11:24:29 [SUCCESS] Site built successfully
2025-09-19 11:24:29 [INFO] Starting deployment via rsync over SSH...
2025-09-19 11:24:29 [INFO] Deploying      161 files (     115 directories,  19M)...
2025-09-19 11:24:29 [INFO] Creating backup on remote server...
2025-09-19 11:24:30 [SUCCESS] Backup created successfully
2025-09-19 11:24:30 [INFO] Uploading files to evil1@s3.mydevil.net:~/domains/evil1.org/public_html
2025-09-19 11:24:30 [INFO] Executing: rsync -avz --exclude=.git --exclude=.DS_Store --exclude=*.log --exclude=*.tmp --exclude=*.bak --exclude=*.swp --exclude=*.swo --exclude=*.orig --exclude=*.rej --exclude=*~ --exclude=.sass-cache --exclude=.jekyll-cache --exclude=.obsidian --exclude=.vscode --exclude=.github --exclude=Gemfile.lock --exclude=.bundle --exclude=vendor --exclude=node_modules --exclude=_docs --exclude=_dont touch --exclude=_experiments --exclude=_to_review --exclude=archives --exclude=configs --exclude=logs --exclude=v2 -e 'ssh -o ConnectTimeout=30 -o ServerAliveInterval=60 -o StrictHostKeyChecking=no -o UserKnownHostsFile=/dev/null' "_site/" "evil1@s3.mydevil.net:~/domains/evil1.org/public_html/"
2025-09-19 11:24:31 [ERROR] Rsync command execution failed
2025-09-19 11:24:31 [ERROR] Deployment failed during file upload.
2025-09-19 11:24:33 [ERROR] Deployment failed. Would you like to rollback? (y/N)
2025-09-19 11:24:58 [WARNING] Starting rollback procedure...
2025-09-19 11:24:59 [ERROR] No backup found for rollback
2025-09-19 11:26:03 [INFO] Checking SSH connection to s3.mydevil.net...
2025-09-19 11:26:03 [SUCCESS] SSH connection established
2025-09-19 11:26:04 [INFO] Building Jekyll site...
2025-09-19 11:26:05 [SUCCESS] Site built successfully
2025-09-19 11:26:05 [INFO] Starting deployment via rsync over SSH...
2025-09-19 11:26:05 [INFO] Deploying      161 files (     115 directories,  19M)...
2025-09-19 11:26:05 [INFO] Creating backup on remote server...
2025-09-19 11:26:05 [SUCCESS] Backup created successfully
2025-09-19 11:26:05 [INFO] Uploading files to evil1@s3.mydevil.net:~/domains/evil1.org/public_html
2025-09-19 11:26:05 [INFO] Executing: rsync -avz --exclude=.git --exclude=.DS_Store --exclude=*.log --exclude=*.tmp --exclude=*.bak --exclude=*.swp --exclude=*.swo --exclude=*.orig --exclude=*.rej --exclude=*~ --exclude=.sass-cache --exclude=.jekyll-cache --exclude=.obsidian --exclude=.vscode --exclude=.github --exclude=Gemfile.lock --exclude=.bundle --exclude=vendor --exclude=node_modules --exclude=_docs --exclude=_dont touch --exclude=_experiments --exclude=_to_review --exclude=archives --exclude=configs --exclude=logs --exclude=v2 -e 'ssh -o ConnectTimeout=30 -o ServerAliveInterval=60 -o StrictHostKeyChecking=no -o UserKnownHostsFile=/dev/null' "_site/" "evil1@s3.mydevil.net:~/domains/evil1.org/public_html/"
2025-09-19 11:26:06 [SUCCESS] Files uploaded successfully (exit code: 23)
2025-09-19 11:26:07 [ERROR] Key files not found on remote server after transfer
2025-09-19 11:26:07 [ERROR] Deployment failed during file upload.
2025-09-19 11:26:07 [ERROR] Deployment failed. Would you like to rollback? (y/N)
2025-09-19 11:26:22 [WARNING] Starting rollback procedure...
2025-09-19 11:26:22 [ERROR] No backup found for rollback
2025-09-19 11:28:20 [INFO] Checking SSH connection to s3.mydevil.net...
2025-09-19 11:28:20 [SUCCESS] SSH connection established
2025-09-19 11:28:20 [INFO] Building Jekyll site...
2025-09-19 11:28:23 [SUCCESS] Site built successfully
2025-09-19 11:28:23 [INFO] Starting deployment via rsync over SSH...
2025-09-19 11:28:23 [INFO] Deploying      161 files (     115 directories,  19M)...
2025-09-19 11:28:23 [INFO] Creating backup on remote server...
2025-09-19 11:28:23 [SUCCESS] Backup created successfully
2025-09-19 11:28:23 [INFO] Uploading files to evil1@s3.mydevil.net:~/domains/evil1.org/public_html
2025-09-19 11:28:23 [INFO] Executing: rsync -avz --exclude=.git --exclude=.DS_Store --exclude=*.log --exclude=*.tmp --exclude=*.bak --exclude=*.swp --exclude=*.swo --exclude=*.orig --exclude=*.rej --exclude=*~ --exclude=.sass-cache --exclude=.jekyll-cache --exclude=.obsidian --exclude=.vscode --exclude=.github --exclude=Gemfile.lock --exclude=.bundle --exclude=vendor --exclude=node_modules --exclude=_docs --exclude=_dont touch --exclude=_experiments --exclude=_to_review --exclude=archives --exclude=configs --exclude=logs --exclude=v2 -e 'ssh -o ConnectTimeout=30 -o ServerAliveInterval=60 -o StrictHostKeyChecking=no -o UserKnownHostsFile=/dev/null' "_site/" "evil1@s3.mydevil.net:~/domains/evil1.org/public_html/"
2025-09-19 11:28:25 [SUCCESS] Files uploaded successfully (exit code: 23)
2025-09-19 11:28:25 [ERROR] Key files not found on remote server after transfer
2025-09-19 11:28:25 [ERROR] Deployment failed during file upload.
2025-09-19 11:28:25 [ERROR] Deployment failed. Would you like to rollback? (y/N)
2025-09-19 11:30:02 [INFO] Checking SSH connection to s3.mydevil.net...
2025-09-19 11:30:03 [SUCCESS] SSH connection established
2025-09-19 11:30:03 [INFO] Building Jekyll site...
2025-09-19 11:30:04 [SUCCESS] Site built successfully
2025-09-19 11:30:04 [INFO] Starting deployment via rsync over SSH...
2025-09-19 11:30:04 [INFO] Deploying      161 files (     115 directories,  19M)...
2025-09-19 11:30:04 [INFO] Creating backup on remote server...
2025-09-19 11:30:04 [SUCCESS] Backup created successfully
2025-09-19 11:30:04 [INFO] Uploading files to evil1@s3.mydevil.net:~/domains/evil1.org/public_html
2025-09-19 11:30:04 [INFO] Executing: rsync -avz --exclude=.git --exclude=.DS_Store --exclude=*.log --exclude=*.tmp --exclude=*.bak --exclude=*.swp --exclude=*.swo --exclude=*.orig --exclude=*.rej --exclude=*~ --exclude=.sass-cache --exclude=.jekyll-cache --exclude=.obsidian --exclude=.vscode --exclude=.github --exclude=Gemfile.lock --exclude=.bundle --exclude=vendor --exclude=node_modules --exclude=_docs --exclude=_dont touch --exclude=_experiments --exclude=_to_review --exclude=archives --exclude=configs --exclude=logs --exclude=v2 -e 'ssh -o ConnectTimeout=30 -o ServerAliveInterval=60 -o StrictHostKeyChecking=no -o UserKnownHostsFile=/dev/null' "_site/" "evil1@s3.mydevil.net:~/domains/evil1.org/public_html/"
2025-09-19 11:30:05 [SUCCESS] Files uploaded successfully (exit code: 23)
2025-09-19 11:30:06 [ERROR] Key files not found on remote server after transfer
2025-09-19 11:30:06 [ERROR] Deployment failed during file upload.
2025-09-19 11:30:06 [ERROR] Deployment failed. Would you like to rollback? (y/N)
2025-09-19 11:34:00 [WARNING] Starting rollback procedure...
2025-09-19 11:34:01 [ERROR] No backup found for rollback
2025-09-19 11:36:43 [INFO] Checking SSH connection to s3.mydevil.net...
2025-09-19 11:36:43 [SUCCESS] SSH connection established
2025-09-19 11:36:43 [INFO] Building Jekyll site...
2025-09-19 11:36:44 [SUCCESS] Site built successfully
2025-09-19 11:36:44 [INFO] Starting deployment via rsync over SSH...
2025-09-19 11:36:44 [INFO] Deploying      161 files (     115 directories,  19M)...
2025-09-19 11:36:44 [INFO] Creating backup on remote server...
2025-09-19 11:36:45 [SUCCESS] Backup created successfully
2025-09-19 11:36:45 [INFO] Uploading files to evil1@s3.mydevil.net:~/domains/evil1.org/public_html
2025-09-19 11:36:45 [INFO] Executing: rsync -avz --exclude=.git --exclude=.DS_Store --exclude=*.log --exclude=*.tmp --exclude=*.bak --exclude=*.swp --exclude=*.swo --exclude=*.orig --exclude=*.rej --exclude=*~ --exclude=.sass-cache --exclude=.jekyll-cache --exclude=.obsidian --exclude=.vscode --exclude=.github --exclude=Gemfile.lock --exclude=.bundle --exclude=vendor --exclude=node_modules --exclude=_docs --exclude=_dont touch --exclude=_experiments --exclude=_to_review --exclude=archives --exclude=configs --exclude=logs --exclude=v2 -e 'ssh -o ConnectTimeout=30 -o ServerAliveInterval=60 -o StrictHostKeyChecking=no -o UserKnownHostsFile=/dev/null' "_site/" "evil1@s3.mydevil.net:~/domains/evil1.org/public_html/"
2025-09-19 11:36:46 [SUCCESS] Files uploaded successfully (exit code: 23)
2025-09-19 11:36:46 [ERROR] Key files not found on remote server after transfer
2025-09-19 11:36:46 [ERROR] Deployment failed during file upload.
2025-09-19 11:36:46 [ERROR] Deployment failed. Would you like to rollback? (y/N)
2025-09-19 11:36:51 [WARNING] Starting rollback procedure...
2025-09-19 11:36:51 [ERROR] No backup found for rollback
2025-09-19 11:37:29 [INFO] Checking SSH connection to s3.mydevil.net...
2025-09-19 11:37:29 [SUCCESS] SSH connection established
2025-09-19 11:37:29 [INFO] Building Jekyll site...
2025-09-19 11:37:30 [SUCCESS] Site built successfully
2025-09-19 11:37:30 [INFO] Starting deployment via rsync over SSH...
2025-09-19 11:37:30 [INFO] Deploying      161 files (     115 directories,  19M)...
2025-09-19 11:37:30 [INFO] Creating backup on remote server...
2025-09-19 11:37:31 [SUCCESS] Backup created successfully
2025-09-19 11:37:31 [INFO] Uploading files to evil1@s3.mydevil.net:~/domains/evil1.org/public_html
2025-09-19 11:37:31 [INFO] Executing: rsync -avz --exclude=.git --exclude=.DS_Store --exclude=*.log --exclude=*.tmp --exclude=*.bak --exclude=*.swp --exclude=*.swo --exclude=*.orig --exclude=*.rej --exclude=*~ --exclude=.sass-cache --exclude=.jekyll-cache --exclude=.obsidian --exclude=.vscode --exclude=.github --exclude=Gemfile.lock --exclude=.bundle --exclude=vendor --exclude=node_modules --exclude=_docs --exclude=_dont touch --exclude=_experiments --exclude=_to_review --exclude=archives --exclude=configs --exclude=logs --exclude=v2 -e 'ssh -o ConnectTimeout=30 -o ServerAliveInterval=60 -o StrictHostKeyChecking=no -o UserKnownHostsFile=/dev/null' "_site/" "evil1@s3.mydevil.net:~/domains/evil1.org/public_html/"
2025-09-19 11:37:32 [SUCCESS] Files uploaded successfully (exit code: 23)
2025-09-19 11:37:32 [ERROR] Key files not found on remote server after transfer
2025-09-19 11:37:32 [ERROR] Deployment failed during file upload.
2025-09-19 11:37:32 [ERROR] Deployment failed. Would you like to rollback? (y/N)
2025-09-19 11:39:22 [WARNING] Starting rollback procedure...
2025-09-19 11:39:22 [ERROR] No backup found for rollback
2025-09-19 11:40:57 [INFO] Checking SSH connection to s3.mydevil.net...
2025-09-19 11:40:57 [SUCCESS] SSH connection established
2025-09-19 11:40:57 [INFO] Building Jekyll site...
2025-09-19 11:40:58 [SUCCESS] Site built successfully
2025-09-19 11:40:58 [INFO] Starting deployment via rsync over SSH...
2025-09-19 11:40:58 [INFO] Deploying      161 files (     115 directories,  19M)...
2025-09-19 11:40:58 [INFO] Creating backup on remote server...
2025-09-19 11:40:59 [SUCCESS] Backup created successfully
2025-09-19 11:40:59 [INFO] Uploading files to evil1@s3.mydevil.net:~/domains/evil1.org/public_html
2025-09-19 11:40:59 [INFO] Executing: rsync -avz --exclude=.git --exclude=.DS_Store --exclude=*.log --exclude=*.tmp --exclude=*.bak --exclude=*.swp --exclude=*.swo --exclude=*.orig --exclude=*.rej --exclude=*~ --exclude=.sass-cache --exclude=.jekyll-cache --exclude=.obsidian --exclude=.vscode --exclude=.github --exclude=Gemfile.lock --exclude=.bundle --exclude=vendor --exclude=node_modules --exclude=_docs --exclude=_dont touch --exclude=_experiments --exclude=_to_review --exclude=archives --exclude=configs --exclude=logs --exclude=v2 -e 'ssh -o ConnectTimeout=30 -o ServerAliveInterval=60 -o StrictHostKeyChecking=no -o UserKnownHostsFile=/dev/null' "_site/" "evil1@s3.mydevil.net:~/domains/evil1.org/public_html/"
2025-09-19 11:41:00 [SUCCESS] Files uploaded successfully (exit code: 23)
2025-09-19 11:41:00 [SUCCESS] Key files verified on remote server
2025-09-19 11:41:00 [INFO] Verifying deployment...
2025-09-19 11:41:00 [INFO] Checking path: /home/evil1/domains/evil1.org/public_html
2025-09-19 11:41:01 [SUCCESS] Deployment verified - key files found on remote server
2025-09-19 11:41:02 [INFO] Remote server stats:      168 files, 9.3M
2025-09-19 11:41:02 [SUCCESS] 🎉 Deployment completed successfully!
2025-09-19 11:41:02 [INFO] Your site is now live at: https://evil1.org
2025-09-19 11:41:02 [INFO] Don't forget to clear any CDN cache if you're using one.
2025-09-19 12:26:19 [INFO] Checking SSH connection to s3.mydevil.net...
2025-09-19 12:26:21 [SUCCESS] SSH connection established
2025-09-19 12:26:21 [INFO] Building Jekyll site...
2025-09-19 12:26:23 [SUCCESS] Site built successfully
2025-09-19 12:26:23 [INFO] Starting deployment via rsync over SSH...
2025-09-19 12:26:24 [INFO] Deploying      161 files (     115 directories,  19M)...
2025-09-19 12:26:24 [INFO] Creating backup on remote server...
2025-09-19 12:26:24 [SUCCESS] Backup created successfully
2025-09-19 12:26:24 [INFO] Uploading files to evil1@s3.mydevil.net:~/domains/evil1.org/public_html
2025-09-19 12:26:24 [INFO] Executing: rsync -avz --exclude=.git --exclude=.DS_Store --exclude=*.log --exclude=*.tmp --exclude=*.bak --exclude=*.swp --exclude=*.swo --exclude=*.orig --exclude=*.rej --exclude=*~ --exclude=.sass-cache --exclude=.jekyll-cache --exclude=.obsidian --exclude=.vscode --exclude=.github --exclude=Gemfile.lock --exclude=.bundle --exclude=vendor --exclude=node_modules --exclude=_docs --exclude=_dont touch --exclude=_experiments --exclude=_to_review --exclude=archives --exclude=configs --exclude=logs --exclude=v2 -e 'ssh -o ConnectTimeout=30 -o ServerAliveInterval=60 -o StrictHostKeyChecking=no -o UserKnownHostsFile=/dev/null' "_site/" "evil1@s3.mydevil.net:~/domains/evil1.org/public_html/"
2025-09-19 12:26:25 [SUCCESS] Files uploaded successfully (exit code: 23)
2025-09-19 12:26:25 [SUCCESS] Key files verified on remote server
2025-09-19 12:26:26 [INFO] Verifying deployment...
2025-09-19 12:26:26 [INFO] Checking path: /home/evil1/domains/evil1.org/public_html
2025-09-19 12:26:26 [SUCCESS] Deployment verified - key files found on remote server
2025-09-19 12:26:27 [INFO] Remote server stats:      168 files, 9.3M
2025-09-19 12:26:27 [SUCCESS] 🎉 Deployment completed successfully!
2025-09-19 12:26:27 [INFO] Your site is now live at: https://evil1.org
2025-09-19 12:26:27 [INFO] Don't forget to clear any CDN cache if you're using one.
2025-09-19 12:29:29 [INFO] Checking SSH connection to s3.mydevil.net...
2025-09-19 12:29:30 [SUCCESS] SSH connection established
2025-09-19 12:29:30 [INFO] Building Jekyll site...
2025-09-19 12:29:31 [SUCCESS] Site built successfully
2025-09-19 12:29:31 [INFO] Starting deployment via rsync over SSH...
2025-09-19 12:29:31 [INFO] Deploying      161 files (     115 directories,  19M)...
2025-09-19 12:29:31 [INFO] Creating backup on remote server...
2025-09-19 12:29:31 [SUCCESS] Backup created successfully
2025-09-19 12:29:31 [INFO] Uploading files to evil1@s3.mydevil.net:~/domains/evil1.org/public_html
2025-09-19 12:29:31 [INFO] Executing: rsync -avz --exclude=.git --exclude=.DS_Store --exclude=*.log --exclude=*.tmp --exclude=*.bak --exclude=*.swp --exclude=*.swo --exclude=*.orig --exclude=*.rej --exclude=*~ --exclude=.sass-cache --exclude=.jekyll-cache --exclude=.obsidian --exclude=.vscode --exclude=.github --exclude=Gemfile.lock --exclude=.bundle --exclude=vendor --exclude=node_modules --exclude=_docs --exclude=_dont touch --exclude=_experiments --exclude=_to_review --exclude=archives --exclude=configs --exclude=logs --exclude=v2 -e 'ssh -o ConnectTimeout=30 -o ServerAliveInterval=60 -o StrictHostKeyChecking=no -o UserKnownHostsFile=/dev/null' "_site/" "evil1@s3.mydevil.net:~/domains/evil1.org/public_html/"
2025-09-19 12:29:32 [SUCCESS] Files uploaded successfully (exit code: 23)
2025-09-19 12:29:33 [SUCCESS] Key files verified on remote server
2025-09-19 12:29:33 [INFO] Verifying deployment...
2025-09-19 12:29:33 [INFO] Checking path: /home/evil1/domains/evil1.org/public_html
2025-09-19 12:29:33 [SUCCESS] Deployment verified - key files found on remote server
2025-09-19 12:29:34 [INFO] Remote server stats:      168 files, 545K
2025-09-19 12:29:34 [SUCCESS] 🎉 Deployment completed successfully!
2025-09-19 12:29:34 [INFO] Your site is now live at: https://evil1.org
2025-09-19 12:29:34 [INFO] Don't forget to clear any CDN cache if you're using one.
2025-09-19 12:35:07 [INFO] Checking SSH connection to s3.mydevil.net...
2025-09-19 12:35:07 [SUCCESS] SSH connection established
2025-09-19 12:35:07 [INFO] Building Jekyll site...
2025-09-19 12:35:08 [SUCCESS] Site built successfully
2025-09-19 12:35:08 [INFO] Starting deployment via rsync over SSH...
2025-09-19 12:35:08 [INFO] Deploying      161 files (     115 directories,  19M)...
2025-09-19 12:35:08 [INFO] Creating backup on remote server...
2025-09-19 12:35:08 [SUCCESS] Backup created successfully
2025-09-19 12:35:08 [INFO] Uploading files to evil1@s3.mydevil.net:~/domains/evil1.org/public_html
2025-09-19 12:35:08 [INFO] Executing: rsync -avz --exclude=.git --exclude=.DS_Store --exclude=*.log --exclude=*.tmp --exclude=*.bak --exclude=*.swp --exclude=*.swo --exclude=*.orig --exclude=*.rej --exclude=*~ --exclude=.sass-cache --exclude=.jekyll-cache --exclude=.obsidian --exclude=.vscode --exclude=.github --exclude=Gemfile.lock --exclude=.bundle --exclude=vendor --exclude=node_modules --exclude=_docs --exclude=_dont touch --exclude=_experiments --exclude=_to_review --exclude=archives --exclude=configs --exclude=logs --exclude=v2 -e 'ssh -o ConnectTimeout=30 -o ServerAliveInterval=60 -o StrictHostKeyChecking=no -o UserKnownHostsFile=/dev/null' "_site/" "evil1@s3.mydevil.net:~/domains/evil1.org/public_html/"
2025-09-19 12:35:10 [SUCCESS] Files uploaded successfully (exit code: 23)
2025-09-19 12:35:10 [SUCCESS] Key files verified on remote server
2025-09-19 12:35:10 [INFO] Verifying deployment...
2025-09-19 12:35:10 [INFO] Checking path: /home/evil1/domains/evil1.org/public_html
2025-09-19 12:35:10 [SUCCESS] Deployment verified - key files found on remote server
2025-09-19 12:35:11 [INFO] Remote server stats:      168 files, 5.0M
2025-09-19 12:35:11 [SUCCESS] 🎉 Deployment completed successfully!
2025-09-19 12:35:11 [INFO] Your site is now live at: https://evil1.org
2025-09-19 12:35:11 [INFO] Don't forget to clear any CDN cache if you're using one.
2025-09-19 13:09:10 [INFO] Checking SSH connection to s3.mydevil.net...
2025-09-19 13:09:11 [SUCCESS] SSH connection established
2025-09-19 13:09:11 [INFO] Building Jekyll site...
2025-09-19 13:09:12 [SUCCESS] Site built successfully
2025-09-19 13:09:12 [INFO] Starting deployment via rsync over SSH...
2025-09-19 13:09:12 [INFO] Deploying      161 files (     115 directories,  19M)...
2025-09-19 13:09:12 [INFO] Creating backup on remote server...
2025-09-19 13:09:12 [SUCCESS] Backup created successfully
2025-09-19 13:09:12 [INFO] Uploading files to evil1@s3.mydevil.net:~/domains/evil1.org/public_html
2025-09-19 13:09:12 [INFO] Executing: rsync -avz --exclude=.git --exclude=.DS_Store --exclude=*.log --exclude=*.tmp --exclude=*.bak --exclude=*.swp --exclude=*.swo --exclude=*.orig --exclude=*.rej --exclude=*~ --exclude=.sass-cache --exclude=.jekyll-cache --exclude=.obsidian --exclude=.vscode --exclude=.github --exclude=Gemfile.lock --exclude=.bundle --exclude=vendor --exclude=node_modules --exclude=_docs --exclude=_dont touch --exclude=_experiments --exclude=_to_review --exclude=archives --exclude=configs --exclude=logs --exclude=v2 -e 'ssh -o ConnectTimeout=30 -o ServerAliveInterval=60 -o StrictHostKeyChecking=no -o UserKnownHostsFile=/dev/null' "_site/" "evil1@s3.mydevil.net:~/domains/evil1.org/public_html/"
2025-09-19 13:09:13 [SUCCESS] Files uploaded successfully (exit code: 23)
2025-09-19 13:09:14 [SUCCESS] Key files verified on remote server
2025-09-19 13:09:14 [INFO] Verifying deployment...
2025-09-19 13:09:14 [INFO] Checking path: /home/evil1/domains/evil1.org/public_html
2025-09-19 13:09:14 [SUCCESS] Deployment verified - key files found on remote server
2025-09-19 13:09:15 [INFO] Remote server stats:      168 files, 545K
2025-09-19 13:09:15 [SUCCESS] 🎉 Deployment completed successfully!
2025-09-19 13:09:15 [INFO] Your site is now live at: https://evil1.org
2025-09-19 13:09:15 [INFO] Don't forget to clear any CDN cache if you're using one.
2025-09-19 13:12:27 [INFO] Checking SSH connection to s3.mydevil.net...
2025-09-19 13:12:28 [SUCCESS] SSH connection established
2025-09-19 13:12:28 [INFO] Building Jekyll site...
2025-09-19 13:12:29 [SUCCESS] Site built successfully
2025-09-19 13:12:29 [INFO] Starting deployment via rsync over SSH...
2025-09-19 13:12:29 [INFO] Deploying      161 files (     115 directories,  19M)...
2025-09-19 13:12:29 [INFO] Creating backup on remote server...
2025-09-19 13:12:29 [SUCCESS] Backup created successfully
2025-09-19 13:12:29 [INFO] Uploading files to evil1@s3.mydevil.net:~/domains/evil1.org/public_html
2025-09-19 13:12:29 [INFO] Executing: rsync -avz --exclude=.git --exclude=.DS_Store --exclude=*.log --exclude=*.tmp --exclude=*.bak --exclude=*.swp --exclude=*.swo --exclude=*.orig --exclude=*.rej --exclude=*~ --exclude=.sass-cache --exclude=.jekyll-cache --exclude=.obsidian --exclude=.vscode --exclude=.github --exclude=Gemfile.lock --exclude=.bundle --exclude=vendor --exclude=node_modules --exclude=_docs --exclude=_dont touch --exclude=_experiments --exclude=_to_review --exclude=archives --exclude=configs --exclude=logs --exclude=v2 -e 'ssh -o ConnectTimeout=30 -o ServerAliveInterval=60 -o StrictHostKeyChecking=no -o UserKnownHostsFile=/dev/null' "_site/" "evil1@s3.mydevil.net:~/domains/evil1.org/public_html/"
2025-09-19 13:12:31 [SUCCESS] Files uploaded successfully (exit code: 23)
2025-09-19 13:12:32 [SUCCESS] Key files verified on remote server
2025-09-19 13:12:32 [INFO] Verifying deployment...
2025-09-19 13:12:32 [INFO] Checking path: /home/evil1/domains/evil1.org/public_html
2025-09-19 13:12:32 [SUCCESS] Deployment verified - key files found on remote server
2025-09-19 13:12:33 [INFO] Remote server stats:      168 files, 8.2M
2025-09-19 13:12:33 [SUCCESS] 🎉 Deployment completed successfully!
2025-09-19 13:12:33 [INFO] Your site is now live at: https://evil1.org
2025-09-19 13:12:33 [INFO] Don't forget to clear any CDN cache if you're using one.
2025-09-19 13:16:19 [INFO] Checking SSH connection to s3.mydevil.net...
2025-09-19 13:16:20 [SUCCESS] SSH connection established
2025-09-19 13:16:20 [INFO] Building Jekyll site...
2025-09-19 13:16:21 [SUCCESS] Site built successfully
2025-09-19 13:16:21 [INFO] Starting deployment via rsync over SSH...
2025-09-19 13:16:21 [INFO] Deploying      161 files (     115 directories,  19M)...
2025-09-19 13:16:21 [INFO] Creating backup on remote server...
2025-09-19 13:16:21 [SUCCESS] Backup created successfully
2025-09-19 13:16:21 [INFO] Uploading files to evil1@s3.mydevil.net:~/domains/evil1.org/public_html
2025-09-19 13:16:21 [INFO] Executing: rsync -avz --exclude=.git --exclude=.DS_Store --exclude=*.log --exclude=*.tmp --exclude=*.bak --exclude=*.swp --exclude=*.swo --exclude=*.orig --exclude=*.rej --exclude=*~ --exclude=.sass-cache --exclude=.jekyll-cache --exclude=.obsidian --exclude=.vscode --exclude=.github --exclude=Gemfile.lock --exclude=.bundle --exclude=vendor --exclude=node_modules --exclude=_docs --exclude=_dont touch --exclude=_experiments --exclude=_to_review --exclude=archives --exclude=configs --exclude=logs --exclude=v2 -e 'ssh -o ConnectTimeout=30 -o ServerAliveInterval=60 -o StrictHostKeyChecking=no -o UserKnownHostsFile=/dev/null' "_site/" "evil1@s3.mydevil.net:~/domains/evil1.org/public_html/"
2025-09-19 13:16:22 [SUCCESS] Files uploaded successfully (exit code: 23)
2025-09-19 13:16:23 [SUCCESS] Key files verified on remote server
2025-09-19 13:16:23 [INFO] Verifying deployment...
2025-09-19 13:16:23 [INFO] Checking path: /home/evil1/domains/evil1.org/public_html
2025-09-19 13:16:23 [SUCCESS] Deployment verified - key files found on remote server
2025-09-19 13:16:24 [INFO] Remote server stats:      168 files, 545K
2025-09-19 13:16:24 [SUCCESS] 🎉 Deployment completed successfully!
2025-09-19 13:16:24 [INFO] Your site is now live at: https://evil1.org
2025-09-19 13:16:24 [INFO] Don't forget to clear any CDN cache if you're using one.
2025-09-19 13:20:19 [INFO] Checking SSH connection to s3.mydevil.net...
2025-09-19 13:20:20 [SUCCESS] SSH connection established
2025-09-19 13:20:20 [INFO] Building Jekyll site...
2025-09-19 13:20:20 [SUCCESS] Site built successfully
2025-09-19 13:20:20 [INFO] Starting deployment via rsync over SSH...
2025-09-19 13:20:20 [INFO] Deploying      161 files (     115 directories,  19M)...
2025-09-19 13:20:20 [INFO] Creating backup on remote server...
2025-09-19 13:20:21 [SUCCESS] Backup created successfully
2025-09-19 13:20:21 [INFO] Uploading files to evil1@s3.mydevil.net:~/domains/evil1.org/public_html
2025-09-19 13:20:21 [INFO] Executing: rsync -avz --exclude=.git --exclude=.DS_Store --exclude=*.log --exclude=*.tmp --exclude=*.bak --exclude=*.swp --exclude=*.swo --exclude=*.orig --exclude=*.rej --exclude=*~ --exclude=.sass-cache --exclude=.jekyll-cache --exclude=.obsidian --exclude=.vscode --exclude=.github --exclude=Gemfile.lock --exclude=.bundle --exclude=vendor --exclude=node_modules --exclude=_docs --exclude=_dont touch --exclude=_experiments --exclude=_to_review --exclude=archives --exclude=configs --exclude=logs --exclude=v2 -e 'ssh -o ConnectTimeout=30 -o ServerAliveInterval=60 -o StrictHostKeyChecking=no -o UserKnownHostsFile=/dev/null' "_site/" "evil1@s3.mydevil.net:~/domains/evil1.org/public_html/"
2025-09-19 13:20:22 [SUCCESS] Files uploaded successfully (exit code: 23)
2025-09-19 13:20:22 [SUCCESS] Key files verified on remote server
2025-09-19 13:20:22 [INFO] Verifying deployment...
2025-09-19 13:20:22 [INFO] Checking path: /home/evil1/domains/evil1.org/public_html
2025-09-19 13:20:23 [SUCCESS] Deployment verified - key files found on remote server
2025-09-19 13:20:24 [INFO] Remote server stats:      168 files, 9.3M
2025-09-19 13:20:24 [SUCCESS] 🎉 Deployment completed successfully!
2025-09-19 13:20:24 [INFO] Your site is now live at: https://evil1.org
2025-09-19 13:20:24 [INFO] Don't forget to clear any CDN cache if you're using one.
2025-09-19 13:21:26 [INFO] Checking SSH connection to s3.mydevil.net...
2025-09-19 13:21:27 [SUCCESS] SSH connection established
2025-09-19 13:21:27 [INFO] Building Jekyll site...
2025-09-19 13:21:28 [SUCCESS] Site built successfully
2025-09-19 13:21:28 [INFO] Starting deployment via rsync over SSH...
2025-09-19 13:21:28 [INFO] Deploying      161 files (     115 directories,  19M)...
2025-09-19 13:21:28 [INFO] Creating backup on remote server...
2025-09-19 13:21:28 [SUCCESS] Backup created successfully
2025-09-19 13:21:28 [INFO] Uploading files to evil1@s3.mydevil.net:~/domains/evil1.org/public_html
2025-09-19 13:21:28 [INFO] Executing: rsync -avz --exclude=.git --exclude=.DS_Store --exclude=*.log --exclude=*.tmp --exclude=*.bak --exclude=*.swp --exclude=*.swo --exclude=*.orig --exclude=*.rej --exclude=*~ --exclude=.sass-cache --exclude=.jekyll-cache --exclude=.obsidian --exclude=.vscode --exclude=.github --exclude=Gemfile.lock --exclude=.bundle --exclude=vendor --exclude=node_modules --exclude=_docs --exclude=_dont touch --exclude=_experiments --exclude=_to_review --exclude=archives --exclude=configs --exclude=logs --exclude=v2 -e 'ssh -o ConnectTimeout=30 -o ServerAliveInterval=60 -o StrictHostKeyChecking=no -o UserKnownHostsFile=/dev/null' "_site/" "evil1@s3.mydevil.net:~/domains/evil1.org/public_html/"
2025-09-19 13:21:29 [SUCCESS] Files uploaded successfully (exit code: 23)
2025-09-19 13:21:30 [SUCCESS] Key files verified on remote server
2025-09-19 13:21:30 [INFO] Verifying deployment...
2025-09-19 13:21:30 [INFO] Checking path: /home/evil1/domains/evil1.org/public_html
2025-09-19 13:21:30 [SUCCESS] Deployment verified - key files found on remote server
2025-09-19 13:21:31 [INFO] Remote server stats:      168 files, 545K
2025-09-19 13:21:31 [SUCCESS] 🎉 Deployment completed successfully!
2025-09-19 13:21:31 [INFO] Your site is now live at: https://evil1.org
2025-09-19 13:21:31 [INFO] Don't forget to clear any CDN cache if you're using one.
2025-09-19 13:28:00 [INFO] Checking SSH connection to s3.mydevil.net...
2025-09-19 13:28:01 [SUCCESS] SSH connection established
2025-09-19 13:28:01 [INFO] Building Jekyll site...
2025-09-19 13:28:06 [SUCCESS] Site built successfully
2025-09-19 13:28:06 [INFO] Starting deployment via rsync over SSH...
2025-09-19 13:28:06 [INFO] Deploying      161 files (     115 directories,  19M)...
2025-09-19 13:28:06 [INFO] Creating backup on remote server...
2025-09-19 13:28:07 [SUCCESS] Backup created successfully
2025-09-19 13:28:08 [INFO] Uploading files to evil1@s3.mydevil.net:~/domains/evil1.org/public_html
2025-09-19 13:28:08 [INFO] Executing: rsync -avz --exclude=.git --exclude=.DS_Store --exclude=*.log --exclude=*.tmp --exclude=*.bak --exclude=*.swp --exclude=*.swo --exclude=*.orig --exclude=*.rej --exclude=*~ --exclude=.sass-cache --exclude=.jekyll-cache --exclude=.obsidian --exclude=.vscode --exclude=.github --exclude=Gemfile.lock --exclude=.bundle --exclude=vendor --exclude=node_modules --exclude=_docs --exclude=_dont touch --exclude=_experiments --exclude=_to_review --exclude=archives --exclude=configs --exclude=logs --exclude=v2 -e 'ssh -o ConnectTimeout=30 -o ServerAliveInterval=60 -o StrictHostKeyChecking=no -o UserKnownHostsFile=/dev/null' "_site/" "evil1@s3.mydevil.net:~/domains/evil1.org/public_html/"
2025-09-19 13:28:10 [SUCCESS] Files uploaded successfully (exit code: 23)
2025-09-19 13:28:11 [SUCCESS] Key files verified on remote server
2025-09-19 13:28:11 [INFO] Verifying deployment...
2025-09-19 13:28:11 [INFO] Checking path: /home/evil1/domains/evil1.org/public_html
2025-09-19 13:28:11 [SUCCESS] Deployment verified - key files found on remote server
2025-09-19 13:28:13 [INFO] Remote server stats:      168 files, 9.3M
2025-09-19 13:28:13 [SUCCESS] 🎉 Deployment completed successfully!
2025-09-19 13:28:13 [INFO] Your site is now live at: https://evil1.org
2025-09-19 13:28:13 [INFO] Don't forget to clear any CDN cache if you're using one.
2025-09-19 13:36:42 [INFO] Checking SSH connection to s3.mydevil.net...
2025-09-19 13:36:42 [SUCCESS] SSH connection established
2025-09-19 13:36:42 [INFO] Building Jekyll site...
2025-09-19 13:36:43 [SUCCESS] Site built successfully
2025-09-19 13:36:43 [INFO] Starting deployment via rsync over SSH...
2025-09-19 13:36:43 [INFO] Deploying      161 files (     115 directories,  19M)...
2025-09-19 13:36:43 [INFO] Creating backup on remote server...
2025-09-19 13:36:43 [SUCCESS] Backup created successfully
2025-09-19 13:36:43 [INFO] Uploading files to evil1@s3.mydevil.net:~/domains/evil1.org/public_html
2025-09-19 13:36:43 [INFO] Executing: rsync -avz --exclude=.git --exclude=.DS_Store --exclude=*.log --exclude=*.tmp --exclude=*.bak --exclude=*.swp --exclude=*.swo --exclude=*.orig --exclude=*.rej --exclude=*~ --exclude=.sass-cache --exclude=.jekyll-cache --exclude=.obsidian --exclude=.vscode --exclude=.github --exclude=Gemfile.lock --exclude=.bundle --exclude=vendor --exclude=node_modules --exclude=_docs --exclude=_dont touch --exclude=_experiments --exclude=_to_review --exclude=archives --exclude=configs --exclude=logs --exclude=v2 -e 'ssh -o ConnectTimeout=30 -o ServerAliveInterval=60 -o StrictHostKeyChecking=no -o UserKnownHostsFile=/dev/null' "_site/" "evil1@s3.mydevil.net:~/domains/evil1.org/public_html/"
2025-09-19 13:36:45 [SUCCESS] Files uploaded successfully (exit code: 23)
2025-09-19 13:36:45 [SUCCESS] Key files verified on remote server
2025-09-19 13:36:45 [INFO] Verifying deployment...
2025-09-19 13:36:45 [INFO] Checking path: /home/evil1/domains/evil1.org/public_html
2025-09-19 13:36:46 [SUCCESS] Deployment verified - key files found on remote server
2025-09-19 13:36:47 [INFO] Remote server stats:      168 files, 9.3M
2025-09-19 13:36:47 [SUCCESS] 🎉 Deployment completed successfully!
2025-09-19 13:36:47 [INFO] Your site is now live at: https://evil1.org
2025-09-19 13:36:47 [INFO] Don't forget to clear any CDN cache if you're using one.
2025-09-19 14:01:03 [INFO] Checking SSH connection to s3.mydevil.net...
2025-09-19 14:01:03 [SUCCESS] SSH connection established
2025-09-19 14:01:03 [INFO] Building Jekyll site...
2025-09-19 14:01:04 [SUCCESS] Site built successfully
2025-09-19 14:01:04 [INFO] Starting deployment via rsync over SSH...
2025-09-19 14:01:04 [INFO] Deploying      161 files (     115 directories,  19M)...
2025-09-19 14:01:04 [INFO] Creating backup on remote server...
2025-09-19 14:01:05 [SUCCESS] Backup created successfully
2025-09-19 14:01:05 [INFO] Uploading files to evil1@s3.mydevil.net:~/domains/evil1.org/public_html
2025-09-19 14:01:05 [INFO] Executing: rsync -avz --exclude=.git --exclude=.DS_Store --exclude=*.log --exclude=*.tmp --exclude=*.bak --exclude=*.swp --exclude=*.swo --exclude=*.orig --exclude=*.rej --exclude=*~ --exclude=.sass-cache --exclude=.jekyll-cache --exclude=.obsidian --exclude=.vscode --exclude=.github --exclude=Gemfile.lock --exclude=.bundle --exclude=vendor --exclude=node_modules --exclude=_docs --exclude=_dont touch --exclude=_experiments --exclude=_to_review --exclude=archives --exclude=configs --exclude=logs --exclude=v2 -e 'ssh -o ConnectTimeout=30 -o ServerAliveInterval=60 -o StrictHostKeyChecking=no -o UserKnownHostsFile=/dev/null' "_site/" "evil1@s3.mydevil.net:~/domains/evil1.org/public_html/"
2025-09-19 14:01:08 [SUCCESS] Files uploaded successfully (exit code: 23)
2025-09-19 14:01:09 [SUCCESS] Key files verified on remote server
2025-09-19 14:01:09 [INFO] Verifying deployment...
2025-09-19 14:01:09 [INFO] Checking path: /home/evil1/domains/evil1.org/public_html
2025-09-19 14:01:10 [SUCCESS] Deployment verified - key files found on remote server
2025-09-19 14:01:11 [INFO] Remote server stats:      168 files, 7.6M
2025-09-19 14:01:11 [SUCCESS] 🎉 Deployment completed successfully!
2025-09-19 14:01:11 [INFO] Your site is now live at: https://evil1.org
2025-09-19 14:01:11 [INFO] Don't forget to clear any CDN cache if you're using one.
2025-09-19 14:03:29 [INFO] Checking SSH connection to s3.mydevil.net...
2025-09-19 14:03:30 [SUCCESS] SSH connection established
2025-09-19 14:03:30 [INFO] Building Jekyll site...
2025-09-19 14:03:31 [SUCCESS] Site built successfully
2025-09-19 14:03:31 [INFO] Starting deployment via rsync over SSH...
2025-09-19 14:03:31 [INFO] Deploying      161 files (     115 directories,  19M)...
2025-09-19 14:03:31 [INFO] Creating backup on remote server...
2025-09-19 14:03:31 [SUCCESS] Backup created successfully
2025-09-19 14:03:31 [INFO] Uploading files to evil1@s3.mydevil.net:~/domains/evil1.org/public_html
2025-09-19 14:03:31 [INFO] Executing: rsync -avz --exclude=.git --exclude=.DS_Store --exclude=*.log --exclude=*.tmp --exclude=*.bak --exclude=*.swp --exclude=*.swo --exclude=*.orig --exclude=*.rej --exclude=*~ --exclude=.sass-cache --exclude=.jekyll-cache --exclude=.obsidian --exclude=.vscode --exclude=.github --exclude=Gemfile.lock --exclude=.bundle --exclude=vendor --exclude=node_modules --exclude=_docs --exclude=_dont touch --exclude=_experiments --exclude=_to_review --exclude=archives --exclude=configs --exclude=logs --exclude=v2 -e 'ssh -o ConnectTimeout=30 -o ServerAliveInterval=60 -o StrictHostKeyChecking=no -o UserKnownHostsFile=/dev/null' "_site/" "evil1@s3.mydevil.net:~/domains/evil1.org/public_html/"
2025-09-19 14:03:32 [SUCCESS] Files uploaded successfully (exit code: 23)
2025-09-19 14:03:33 [SUCCESS] Key files verified on remote server
2025-09-19 14:03:33 [INFO] Verifying deployment...
2025-09-19 14:03:33 [INFO] Checking path: /home/evil1/domains/evil1.org/public_html
2025-09-19 14:03:33 [SUCCESS] Deployment verified - key files found on remote server
2025-09-19 14:03:34 [INFO] Remote server stats:      168 files, 6.6M
2025-09-19 14:03:34 [SUCCESS] 🎉 Deployment completed successfully!
2025-09-19 14:03:34 [INFO] Your site is now live at: https://evil1.org
2025-09-19 14:03:34 [INFO] Don't forget to clear any CDN cache if you're using one.
2025-09-19 14:06:20 [INFO] Checking SSH connection to s3.mydevil.net...
2025-09-19 14:06:21 [SUCCESS] SSH connection established
2025-09-19 14:06:21 [INFO] Building Jekyll site...
2025-09-19 14:06:21 [SUCCESS] Site built successfully
2025-09-19 14:06:21 [INFO] Starting deployment via rsync over SSH...
2025-09-19 14:06:21 [INFO] Deploying      161 files (     115 directories,  19M)...
2025-09-19 14:06:21 [INFO] Creating backup on remote server...
2025-09-19 14:06:22 [SUCCESS] Backup created successfully
2025-09-19 14:06:22 [INFO] Uploading files to evil1@s3.mydevil.net:~/domains/evil1.org/public_html
2025-09-19 14:06:22 [INFO] Executing: rsync -avz --exclude=.git --exclude=.DS_Store --exclude=*.log --exclude=*.tmp --exclude=*.bak --exclude=*.swp --exclude=*.swo --exclude=*.orig --exclude=*.rej --exclude=*~ --exclude=.sass-cache --exclude=.jekyll-cache --exclude=.obsidian --exclude=.vscode --exclude=.github --exclude=Gemfile.lock --exclude=.bundle --exclude=vendor --exclude=node_modules --exclude=_docs --exclude=_dont touch --exclude=_experiments --exclude=_to_review --exclude=archives --exclude=configs --exclude=logs --exclude=v2 -e 'ssh -o ConnectTimeout=30 -o ServerAliveInterval=60 -o StrictHostKeyChecking=no -o UserKnownHostsFile=/dev/null' "_site/" "evil1@s3.mydevil.net:~/domains/evil1.org/public_html/"
2025-09-19 14:06:23 [SUCCESS] Files uploaded successfully (exit code: 23)
2025-09-19 14:06:23 [SUCCESS] Key files verified on remote server
2025-09-19 14:06:23 [INFO] Verifying deployment...
2025-09-19 14:06:23 [INFO] Checking path: /home/evil1/domains/evil1.org/public_html
2025-09-19 14:06:24 [SUCCESS] Deployment verified - key files found on remote server
2025-09-19 14:06:25 [INFO] Remote server stats:      168 files, 551K
2025-09-19 14:06:25 [SUCCESS] 🎉 Deployment completed successfully!
2025-09-19 14:06:25 [INFO] Your site is now live at: https://evil1.org
2025-09-19 14:06:25 [INFO] Don't forget to clear any CDN cache if you're using one.
2025-09-19 14:07:45 [INFO] Checking SSH connection to s3.mydevil.net...
2025-09-19 14:07:45 [SUCCESS] SSH connection established
2025-09-19 14:07:45 [INFO] Building Jekyll site...
2025-09-19 14:07:46 [SUCCESS] Site built successfully
2025-09-19 14:07:46 [INFO] Starting deployment via rsync over SSH...
2025-09-19 14:07:46 [INFO] Deploying      161 files (     115 directories,  19M)...
2025-09-19 14:07:46 [INFO] Creating backup on remote server...
2025-09-19 14:07:46 [SUCCESS] Backup created successfully
2025-09-19 14:07:47 [INFO] Uploading files to evil1@s3.mydevil.net:~/domains/evil1.org/public_html
2025-09-19 14:07:47 [INFO] Executing: rsync -avz --exclude=.git --exclude=.DS_Store --exclude=*.log --exclude=*.tmp --exclude=*.bak --exclude=*.swp --exclude=*.swo --exclude=*.orig --exclude=*.rej --exclude=*~ --exclude=.sass-cache --exclude=.jekyll-cache --exclude=.obsidian --exclude=.vscode --exclude=.github --exclude=Gemfile.lock --exclude=.bundle --exclude=vendor --exclude=node_modules --exclude=_docs --exclude=_dont touch --exclude=_experiments --exclude=_to_review --exclude=archives --exclude=configs --exclude=logs --exclude=v2 -e 'ssh -o ConnectTimeout=30 -o ServerAliveInterval=60 -o StrictHostKeyChecking=no -o UserKnownHostsFile=/dev/null' "_site/" "evil1@s3.mydevil.net:~/domains/evil1.org/public_html/"
2025-09-19 14:07:48 [SUCCESS] Files uploaded successfully (exit code: 23)
2025-09-19 14:07:48 [SUCCESS] Key files verified on remote server
2025-09-19 14:07:48 [INFO] Verifying deployment...
2025-09-19 14:07:48 [INFO] Checking path: /home/evil1/domains/evil1.org/public_html
2025-09-19 14:07:49 [SUCCESS] Deployment verified - key files found on remote server
2025-09-19 14:07:49 [INFO] Remote server stats:      168 files, 9.3M
2025-09-19 14:07:49 [SUCCESS] 🎉 Deployment completed successfully!
2025-09-19 14:07:49 [INFO] Your site is now live at: https://evil1.org
2025-09-19 14:07:49 [INFO] Don't forget to clear any CDN cache if you're using one.
2025-09-19 14:47:16 [INFO] Checking SSH connection to s3.mydevil.net...
2025-09-19 14:47:17 [SUCCESS] SSH connection established
2025-09-19 14:47:17 [INFO] Building Jekyll site...
2025-09-19 14:47:18 [SUCCESS] Site built successfully
2025-09-19 14:47:18 [INFO] Starting deployment via rsync over SSH...
2025-09-19 14:47:18 [INFO] Deploying      161 files (     115 directories,  19M)...
2025-09-19 14:47:18 [INFO] Creating backup on remote server...
2025-09-19 14:47:18 [SUCCESS] Backup created successfully
2025-09-19 14:47:18 [INFO] Uploading files to evil1@s3.mydevil.net:~/domains/evil1.org/public_html
2025-09-19 14:47:18 [INFO] Executing: rsync -avz --exclude=.git --exclude=.DS_Store --exclude=*.log --exclude=*.tmp --exclude=*.bak --exclude=*.swp --exclude=*.swo --exclude=*.orig --exclude=*.rej --exclude=*~ --exclude=.sass-cache --exclude=.jekyll-cache --exclude=.obsidian --exclude=.vscode --exclude=.github --exclude=Gemfile.lock --exclude=.bundle --exclude=vendor --exclude=node_modules --exclude=_docs --exclude=_dont touch --exclude=_experiments --exclude=_to_review --exclude=archives --exclude=configs --exclude=logs --exclude=v2 -e 'ssh -o ConnectTimeout=30 -o ServerAliveInterval=60 -o StrictHostKeyChecking=no -o UserKnownHostsFile=/dev/null' "_site/" "evil1@s3.mydevil.net:~/domains/evil1.org/public_html/"
2025-09-19 14:47:20 [SUCCESS] Files uploaded successfully (exit code: 23)
2025-09-19 14:47:21 [SUCCESS] Key files verified on remote server
2025-09-19 14:47:21 [INFO] Verifying deployment...
2025-09-19 14:47:21 [INFO] Checking path: /home/evil1/domains/evil1.org/public_html
2025-09-19 14:47:21 [SUCCESS] Deployment verified - key files found on remote server
2025-09-19 14:47:22 [INFO] Remote server stats:      168 files, 9.3M
2025-09-19 14:47:22 [SUCCESS] 🎉 Deployment completed successfully!
2025-09-19 14:47:22 [INFO] Your site is now live at: https://evil1.org
2025-09-19 14:47:22 [INFO] Don't forget to clear any CDN cache if you're using one.
2025-09-19 15:49:58 [INFO] Checking SSH connection to s3.mydevil.net...
2025-09-19 15:49:59 [SUCCESS] SSH connection established
2025-09-19 15:49:59 [INFO] Building Jekyll site...
2025-09-19 15:49:59 [SUCCESS] Site built successfully
2025-09-19 15:49:59 [INFO] Starting deployment via rsync over SSH...
2025-09-19 15:49:59 [INFO] Deploying      168 files (     116 directories,  19M)...
2025-09-19 15:49:59 [INFO] Creating backup on remote server...
2025-09-19 15:50:00 [SUCCESS] Backup created successfully
2025-09-19 15:50:00 [INFO] Uploading files to evil1@s3.mydevil.net:~/domains/evil1.org/public_html
2025-09-19 15:50:00 [INFO] Executing: rsync -avz --exclude=.git --exclude=.DS_Store --exclude=*.log --exclude=*.tmp --exclude=*.bak --exclude=*.swp --exclude=*.swo --exclude=*.orig --exclude=*.rej --exclude=*~ --exclude=.sass-cache --exclude=.jekyll-cache --exclude=.obsidian --exclude=.vscode --exclude=.github --exclude=Gemfile.lock --exclude=.bundle --exclude=vendor --exclude=node_modules --exclude=_docs --exclude=_dont touch --exclude=_experiments --exclude=_to_review --exclude=archives --exclude=configs --exclude=logs --exclude=v2 -e 'ssh -o ConnectTimeout=30 -o ServerAliveInterval=60 -o StrictHostKeyChecking=no -o UserKnownHostsFile=/dev/null' "_site/" "evil1@s3.mydevil.net:~/domains/evil1.org/public_html/"
2025-09-19 15:50:01 [SUCCESS] Files uploaded successfully (exit code: 23)
2025-09-19 15:50:02 [SUCCESS] Key files verified on remote server
2025-09-19 15:50:02 [INFO] Verifying deployment...
2025-09-19 15:50:02 [INFO] Checking path: /home/evil1/domains/evil1.org/public_html
2025-09-19 15:50:02 [SUCCESS] Deployment verified - key files found on remote server
2025-09-19 15:50:03 [INFO] Remote server stats:      175 files, 8.7M
2025-09-19 15:50:03 [SUCCESS] 🎉 Deployment completed successfully!
2025-09-19 15:50:03 [INFO] Your site is now live at: https://evil1.org
2025-09-19 15:50:03 [INFO] Don't forget to clear any CDN cache if you're using one.
2025-09-19 15:55:08 [INFO] Checking SSH connection to s3.mydevil.net...
2025-09-19 15:55:08 [SUCCESS] SSH connection established
2025-09-19 15:55:08 [INFO] Building Jekyll site...
2025-09-19 15:55:09 [SUCCESS] Site built successfully
2025-09-19 15:55:09 [INFO] Starting deployment via rsync over SSH...
2025-09-19 15:55:09 [INFO] Deploying      176 files (     117 directories,  19M)...
2025-09-19 15:55:09 [INFO] Creating backup on remote server...
2025-09-19 15:55:09 [SUCCESS] Backup created successfully
2025-09-19 15:55:09 [INFO] Uploading files to evil1@s3.mydevil.net:~/domains/evil1.org/public_html
2025-09-19 15:55:09 [INFO] Executing: rsync -avz --exclude=.git --exclude=.DS_Store --exclude=*.log --exclude=*.tmp --exclude=*.bak --exclude=*.swp --exclude=*.swo --exclude=*.orig --exclude=*.rej --exclude=*~ --exclude=.sass-cache --exclude=.jekyll-cache --exclude=.obsidian --exclude=.vscode --exclude=.github --exclude=Gemfile.lock --exclude=.bundle --exclude=vendor --exclude=node_modules --exclude=_docs --exclude=_dont touch --exclude=_experiments --exclude=_to_review --exclude=archives --exclude=configs --exclude=logs --exclude=v2 -e 'ssh -o ConnectTimeout=30 -o ServerAliveInterval=60 -o StrictHostKeyChecking=no -o UserKnownHostsFile=/dev/null' "_site/" "evil1@s3.mydevil.net:~/domains/evil1.org/public_html/"
2025-09-19 15:55:10 [SUCCESS] Files uploaded successfully (exit code: 23)
2025-09-19 15:55:11 [SUCCESS] Key files verified on remote server
2025-09-19 15:55:11 [INFO] Verifying deployment...
2025-09-19 15:55:11 [INFO] Checking path: /home/evil1/domains/evil1.org/public_html
2025-09-19 15:55:11 [SUCCESS] Deployment verified - key files found on remote server
2025-09-19 15:55:13 [INFO] Remote server stats:      183 files, 9.0M
2025-09-19 15:55:13 [SUCCESS] 🎉 Deployment completed successfully!
2025-09-19 15:55:13 [INFO] Your site is now live at: https://evil1.org
2025-09-19 15:55:13 [INFO] Don't forget to clear any CDN cache if you're using one.
2025-09-22 10:45:16 [INFO] Checking SSH connection to s3.mydevil.net...
2025-09-22 10:45:16 [SUCCESS] SSH connection established
2025-09-22 10:45:16 [INFO] Building Jekyll site...
2025-09-22 10:45:17 [SUCCESS] Site built successfully
2025-09-22 10:45:17 [INFO] Starting deployment via rsync over SSH...
2025-09-22 10:45:17 [INFO] Deploying      170 files (     116 directories,  19M)...
2025-09-22 10:45:17 [INFO] Creating backup on remote server...
2025-09-22 10:45:17 [SUCCESS] Backup created successfully
2025-09-22 10:45:17 [INFO] Uploading files to evil1@s3.mydevil.net:~/domains/evil1.org/public_html
2025-09-22 10:45:17 [INFO] Executing: rsync -avz --exclude=.git --exclude=.DS_Store --exclude=*.log --exclude=*.tmp --exclude=*.bak --exclude=*.swp --exclude=*.swo --exclude=*.orig --exclude=*.rej --exclude=*~ --exclude=.sass-cache --exclude=.jekyll-cache --exclude=.obsidian --exclude=.vscode --exclude=.github --exclude=Gemfile.lock --exclude=.bundle --exclude=vendor --exclude=node_modules --exclude=_docs --exclude=_dont touch --exclude=_experiments --exclude=_to_review --exclude=archives --exclude=configs --exclude=logs --exclude=v2 -e 'ssh -o ConnectTimeout=30 -o ServerAliveInterval=60 -o StrictHostKeyChecking=no -o UserKnownHostsFile=/dev/null' "_site/" "evil1@s3.mydevil.net:~/domains/evil1.org/public_html/"
2025-09-22 10:45:26 [SUCCESS] Files uploaded successfully (exit code: 23)
2025-09-22 10:45:27 [SUCCESS] Key files verified on remote server
2025-09-22 10:45:27 [INFO] Verifying deployment...
2025-09-22 10:45:27 [INFO] Checking path: /home/evil1/domains/evil1.org/public_html
2025-09-22 10:45:28 [SUCCESS] Deployment verified - key files found on remote server
2025-09-22 10:45:30 [INFO] Remote server stats:      184 files, 3.4M
2025-09-22 10:45:30 [SUCCESS] 🎉 Deployment completed successfully!
2025-09-22 10:45:30 [INFO] Your site is now live at: https://evil1.org
2025-09-22 10:45:30 [INFO] Don't forget to clear any CDN cache if you're using one.
2025-09-23 11:35:44 [INFO] Checking SSH connection to s3.mydevil.net...
2025-09-23 11:35:45 [SUCCESS] SSH connection established
2025-09-23 11:35:45 [INFO] Building Jekyll site...
2025-09-23 11:35:46 [SUCCESS] Site built successfully
2025-09-23 11:35:46 [INFO] Starting deployment via rsync over SSH...
2025-09-23 11:35:46 [INFO] Deploying      170 files (     116 directories,  19M)...
2025-09-23 11:35:46 [INFO] Creating backup on remote server...
2025-09-23 11:35:46 [SUCCESS] Backup created successfully
2025-09-23 11:35:46 [INFO] Uploading files to evil1@s3.mydevil.net:~/domains/evil1.org/public_html
2025-09-23 11:35:46 [INFO] Executing: rsync -avz --exclude=.git --exclude=.DS_Store --exclude=*.log --exclude=*.tmp --exclude=*.bak --exclude=*.swp --exclude=*.swo --exclude=*.orig --exclude=*.rej --exclude=*~ --exclude=.sass-cache --exclude=.jekyll-cache --exclude=.obsidian --exclude=.vscode --exclude=.github --exclude=Gemfile.lock --exclude=.bundle --exclude=vendor --exclude=node_modules --exclude=_docs --exclude=_dont touch --exclude=_experiments --exclude=_to_review --exclude=archives --exclude=configs --exclude=logs --exclude=v2 -e 'ssh -o ConnectTimeout=30 -o ServerAliveInterval=60 -o StrictHostKeyChecking=no -o UserKnownHostsFile=/dev/null' "_site/" "evil1@s3.mydevil.net:~/domains/evil1.org/public_html/"
2025-09-23 11:35:47 [SUCCESS] Files uploaded successfully (exit code: 23)
2025-09-23 11:35:48 [SUCCESS] Key files verified on remote server
2025-09-23 11:35:48 [INFO] Verifying deployment...
2025-09-23 11:35:48 [INFO] Checking path: /home/evil1/domains/evil1.org/public_html
2025-09-23 11:35:48 [SUCCESS] Deployment verified - key files found on remote server
2025-09-23 11:35:49 [INFO] Remote server stats:      184 files, 852K
2025-09-23 11:35:49 [SUCCESS] 🎉 Deployment completed successfully!
2025-09-23 11:35:49 [INFO] Your site is now live at: https://evil1.org
2025-09-23 11:35:49 [INFO] Don't forget to clear any CDN cache if you're using one.
2025-09-23 11:39:14 [INFO] Checking SSH connection to s3.mydevil.net...
2025-09-23 11:39:14 [SUCCESS] SSH connection established
2025-09-23 11:39:14 [INFO] Building Jekyll site...
2025-09-23 11:39:15 [SUCCESS] Site built successfully
2025-09-23 11:39:15 [INFO] Starting deployment via rsync over SSH...
2025-09-23 11:39:15 [INFO] Deploying      242 files (     138 directories,  23M)...
2025-09-23 11:39:15 [INFO] Creating backup on remote server...
2025-09-23 11:39:15 [SUCCESS] Backup created successfully
2025-09-23 11:39:15 [INFO] Uploading files to evil1@s3.mydevil.net:~/domains/evil1.org/public_html
2025-09-23 11:39:15 [INFO] Executing: rsync -avz --exclude=.git --exclude=.DS_Store --exclude=*.log --exclude=*.tmp --exclude=*.bak --exclude=*.swp --exclude=*.swo --exclude=*.orig --exclude=*.rej --exclude=*~ --exclude=.sass-cache --exclude=.jekyll-cache --exclude=.obsidian --exclude=.vscode --exclude=.github --exclude=Gemfile.lock --exclude=.bundle --exclude=vendor --exclude=node_modules --exclude=_docs --exclude=_dont touch --exclude=_experiments --exclude=_to_review --exclude=archives --exclude=configs --exclude=logs --exclude=v2 -e 'ssh -o ConnectTimeout=30 -o ServerAliveInterval=60 -o StrictHostKeyChecking=no -o UserKnownHostsFile=/dev/null' "_site/" "evil1@s3.mydevil.net:~/domains/evil1.org/public_html/"
2025-09-23 11:39:17 [SUCCESS] Files uploaded successfully (exit code: 23)
2025-09-23 11:39:17 [SUCCESS] Key files verified on remote server
2025-09-23 11:39:17 [INFO] Verifying deployment...
2025-09-23 11:39:17 [INFO] Checking path: /home/evil1/domains/evil1.org/public_html
2025-09-23 11:39:17 [SUCCESS] Deployment verified - key files found on remote server
2025-09-23 11:39:18 [INFO] Remote server stats:      256 files, 899K
2025-09-23 11:39:18 [SUCCESS] 🎉 Deployment completed successfully!
2025-09-23 11:39:18 [INFO] Your site is now live at: https://evil1.org
2025-09-23 11:39:18 [INFO] Don't forget to clear any CDN cache if you're using one.
